C:\Users\sh_ah\documents\visual studio 2015\Projects\Angular2Demo\Angular2Demo\src\app\app.component.js
C:\Users\sh_ah\documents\visual studio 2015\Projects\Angular2Demo\Angular2Demo\src\app\app.component.js.map
C:\Users\sh_ah\documents\visual studio 2015\Projects\Angular2Demo\Angular2Demo\src\app\app.module.js
C:\Users\sh_ah\documents\visual studio 2015\Projects\Angular2Demo\Angular2Demo\src\app\app.module.js.map
C:\Users\sh_ah\documents\visual studio 2015\Projects\Angular2Demo\Angular2Demo\src\main.js
C:\Users\sh_ah\documents\visual studio 2015\Projects\Angular2Demo\Angular2Demo\src\main.js.map
C:\Users\sh_ah\documents\visual studio 2015\Projects\Angular2Demo\Angular2Demo\src\app\app.component.spec.js
C:\Users\sh_ah\documents\visual studio 2015\Projects\Angular2Demo\Angular2Demo\src\app\app.component.spec.js.map
C:\Users\sh_ah\documents\visual studio 2015\Projects\Angular2Demo\Angular2Demo\src\app\app.component.js
C:\Users\sh_ah\documents\visual studio 2015\Projects\Angular2Demo\Angular2Demo\src\app\app.component.js.map
C:\Users\sh_ah\documents\visual studio 2015\Projects\Angular2Demo\Angular2Demo\src\app\app.module.js
C:\Users\sh_ah\documents\visual studio 2015\Projects\Angular2Demo\Angular2Demo\src\app\app.module.js.map
C:\Users\sh_ah\documents\visual studio 2015\Projects\Angular2Demo\Angular2Demo\src\main.js
C:\Users\sh_ah\documents\visual studio 2015\Projects\Angular2Demo\Angular2Demo\src\main.js.map
C:\Users\sh_ah\documents\visual studio 2015\Projects\Angular2Demo\Angular2Demo\src\app\app.component.spec.js
C:\Users\sh_ah\documents\visual studio 2015\Projects\Angular2Demo\Angular2Demo\src\app\app.component.spec.js.map
C:\Users\sh_ah\documents\visual studio 2015\Projects\Angular2Demo\Angular2Demo\src\app\app.component.js
C:\Users\sh_ah\documents\visual studio 2015\Projects\Angular2Demo\Angular2Demo\src\app\app.component.js.map
C:\Users\sh_ah\documents\visual studio 2015\Projects\Angular2Demo\Angular2Demo\src\app\app.module.js
C:\Users\sh_ah\documents\visual studio 2015\Projects\Angular2Demo\Angular2Demo\src\app\app.module.js.map
C:\Users\sh_ah\documents\visual studio 2015\Projects\Angular2Demo\Angular2Demo\src\main.js
C:\Users\sh_ah\documents\visual studio 2015\Projects\Angular2Demo\Angular2Demo\src\main.js.map
C:\Users\sh_ah\documents\visual studio 2015\Projects\Angular2Demo\Angular2Demo\src\app\app.component.spec.js
C:\Users\sh_ah\documents\visual studio 2015\Projects\Angular2Demo\Angular2Demo\src\app\app.component.spec.js.map
C:\Users\sh_ah\documents\visual studio 2015\Projects\Angular2Demo\Angular2Demo\src\app\app.component.js
C:\Users\sh_ah\documents\visual studio 2015\Projects\Angular2Demo\Angular2Demo\src\app\app.component.js.map
C:\Users\sh_ah\documents\visual studio 2015\Projects\Angular2Demo\Angular2Demo\src\app\app.module.js
C:\Users\sh_ah\documents\visual studio 2015\Projects\Angular2Demo\Angular2Demo\src\app\app.module.js.map
C:\Users\sh_ah\documents\visual studio 2015\Projects\Angular2Demo\Angular2Demo\src\main.js
C:\Users\sh_ah\documents\visual studio 2015\Projects\Angular2Demo\Angular2Demo\src\main.js.map
C:\Users\sh_ah\documents\visual studio 2015\Projects\Angular2Demo\Angular2Demo\src\app\app.component.spec.js
C:\Users\sh_ah\documents\visual studio 2015\Projects\Angular2Demo\Angular2Demo\src\app\app.component.spec.js.map
C:\Users\sh_ah\documents\visual studio 2015\Projects\Angular2Demo\Angular2Demo\src\app\app.component.js
C:\Users\sh_ah\documents\visual studio 2015\Projects\Angular2Demo\Angular2Demo\src\app\app.component.js.map
C:\Users\sh_ah\documents\visual studio 2015\Projects\Angular2Demo\Angular2Demo\src\app\app.module.js
C:\Users\sh_ah\documents\visual studio 2015\Projects\Angular2Demo\Angular2Demo\src\app\app.module.js.map
C:\Users\sh_ah\documents\visual studio 2015\Projects\Angular2Demo\Angular2Demo\src\main.js
C:\Users\sh_ah\documents\visual studio 2015\Projects\Angular2Demo\Angular2Demo\src\main.js.map
C:\Users\sh_ah\documents\visual studio 2015\Projects\Angular2Demo\Angular2Demo\src\app\app.component.spec.js
C:\Users\sh_ah\documents\visual studio 2015\Projects\Angular2Demo\Angular2Demo\src\app\app.component.spec.js.map
C:\Users\sh_ah\documents\visual studio 2015\Projects\Angular2Demo\Angular2Demo\src\app\app.component.js
C:\Users\sh_ah\documents\visual studio 2015\Projects\Angular2Demo\Angular2Demo\src\app\app.component.js.map
C:\Users\sh_ah\documents\visual studio 2015\Projects\Angular2Demo\Angular2Demo\src\app\app.module.js
C:\Users\sh_ah\documents\visual studio 2015\Projects\Angular2Demo\Angular2Demo\src\app\app.module.js.map
C:\Users\sh_ah\documents\visual studio 2015\Projects\Angular2Demo\Angular2Demo\src\main.js
C:\Users\sh_ah\documents\visual studio 2015\Projects\Angular2Demo\Angular2Demo\src\main.js.map
C:\Users\sh_ah\documents\visual studio 2015\Projects\Angular2Demo\Angular2Demo\src\app\app.component.spec.js
C:\Users\sh_ah\documents\visual studio 2015\Projects\Angular2Demo\Angular2Demo\src\app\app.component.spec.js.map
C:\Users\sh_ah\documents\visual studio 2015\Projects\Angular2Demo\Angular2Demo\src\app\app.component.js
C:\Users\sh_ah\documents\visual studio 2015\Projects\Angular2Demo\Angular2Demo\src\app\app.component.js.map
C:\Users\sh_ah\documents\visual studio 2015\Projects\Angular2Demo\Angular2Demo\src\app\app.module.js
C:\Users\sh_ah\documents\visual studio 2015\Projects\Angular2Demo\Angular2Demo\src\app\app.module.js.map
C:\Users\sh_ah\documents\visual studio 2015\Projects\Angular2Demo\Angular2Demo\src\main.js
C:\Users\sh_ah\documents\visual studio 2015\Projects\Angular2Demo\Angular2Demo\src\main.js.map
C:\Users\sh_ah\documents\visual studio 2015\Projects\Angular2Demo\Angular2Demo\src\app\app.component.spec.js
C:\Users\sh_ah\documents\visual studio 2015\Projects\Angular2Demo\Angular2Demo\src\app\app.component.spec.js.map
C:\Users\sh_ah\documents\visual studio 2015\Projects\Angular2Demo\Angular2Demo\src\app\app.component.js
C:\Users\sh_ah\documents\visual studio 2015\Projects\Angular2Demo\Angular2Demo\src\app\app.component.js.map
C:\Users\sh_ah\documents\visual studio 2015\Projects\Angular2Demo\Angular2Demo\src\app\app.module.js
C:\Users\sh_ah\documents\visual studio 2015\Projects\Angular2Demo\Angular2Demo\src\app\app.module.js.map
C:\Users\sh_ah\documents\visual studio 2015\Projects\Angular2Demo\Angular2Demo\src\main.js
C:\Users\sh_ah\documents\visual studio 2015\Projects\Angular2Demo\Angular2Demo\src\main.js.map
C:\Users\sh_ah\documents\visual studio 2015\Projects\Angular2Demo\Angular2Demo\src\app\app.component.spec.js
C:\Users\sh_ah\documents\visual studio 2015\Projects\Angular2Demo\Angular2Demo\src\app\app.component.spec.js.map
C:\Users\sh_ah\documents\visual studio 2015\Projects\Angular2Demo\Angular2Demo\src\app\app.component.js
C:\Users\sh_ah\documents\visual studio 2015\Projects\Angular2Demo\Angular2Demo\src\app\app.component.js.map
C:\Users\sh_ah\documents\visual studio 2015\Projects\Angular2Demo\Angular2Demo\src\app\app.module.js
C:\Users\sh_ah\documents\visual studio 2015\Projects\Angular2Demo\Angular2Demo\src\app\app.module.js.map
C:\Users\sh_ah\documents\visual studio 2015\Projects\Angular2Demo\Angular2Demo\src\main.js
C:\Users\sh_ah\documents\visual studio 2015\Projects\Angular2Demo\Angular2Demo\src\main.js.map
C:\Users\sh_ah\documents\visual studio 2015\Projects\Angular2Demo\Angular2Demo\src\app\app.component.spec.js
C:\Users\sh_ah\documents\visual studio 2015\Projects\Angular2Demo\Angular2Demo\src\app\app.component.spec.js.map
C:\Users\sh_ah\documents\visual studio 2015\Projects\Angular2Demo\Angular2Demo\src\app\app.component.js
C:\Users\sh_ah\documents\visual studio 2015\Projects\Angular2Demo\Angular2Demo\src\app\app.component.js.map
C:\Users\sh_ah\documents\visual studio 2015\Projects\Angular2Demo\Angular2Demo\src\app\employee\employee.component.js
C:\Users\sh_ah\documents\visual studio 2015\Projects\Angular2Demo\Angular2Demo\src\app\employee\employee.component.js.map
C:\Users\sh_ah\documents\visual studio 2015\Projects\Angular2Demo\Angular2Demo\src\app\employee\employee.js
C:\Users\sh_ah\documents\visual studio 2015\Projects\Angular2Demo\Angular2Demo\src\app\employee\employee.js.map
C:\Users\sh_ah\documents\visual studio 2015\Projects\Angular2Demo\Angular2Demo\src\app\employee\employee.service.js
C:\Users\sh_ah\documents\visual studio 2015\Projects\Angular2Demo\Angular2Demo\src\app\employee\employee.service.js.map
C:\Users\sh_ah\documents\visual studio 2015\Projects\Angular2Demo\Angular2Demo\src\app\employee\employeeList.component.js
C:\Users\sh_ah\documents\visual studio 2015\Projects\Angular2Demo\Angular2Demo\src\app\employee\employeeList.component.js.map
C:\Users\sh_ah\documents\visual studio 2015\Projects\Angular2Demo\Angular2Demo\src\app\employee\employeeTitle.pipe.js
C:\Users\sh_ah\documents\visual studio 2015\Projects\Angular2Demo\Angular2Demo\src\app\employee\employeeTitle.pipe.js.map
C:\Users\sh_ah\documents\visual studio 2015\Projects\Angular2Demo\Angular2Demo\src\app\employee\employeeCount.component.js
C:\Users\sh_ah\documents\visual studio 2015\Projects\Angular2Demo\Angular2Demo\src\app\employee\employeeCount.component.js.map
C:\Users\sh_ah\documents\visual studio 2015\Projects\Angular2Demo\Angular2Demo\src\app\Others\simple.component.js
C:\Users\sh_ah\documents\visual studio 2015\Projects\Angular2Demo\Angular2Demo\src\app\Others\simple.component.js.map
C:\Users\sh_ah\documents\visual studio 2015\Projects\Angular2Demo\Angular2Demo\src\app\app.module.js
C:\Users\sh_ah\documents\visual studio 2015\Projects\Angular2Demo\Angular2Demo\src\app\app.module.js.map
C:\Users\sh_ah\documents\visual studio 2015\Projects\Angular2Demo\Angular2Demo\src\main.js
C:\Users\sh_ah\documents\visual studio 2015\Projects\Angular2Demo\Angular2Demo\src\main.js.map
C:\Users\sh_ah\documents\visual studio 2015\Projects\Angular2Demo\Angular2Demo\src\app\app.component.spec.js
C:\Users\sh_ah\documents\visual studio 2015\Projects\Angular2Demo\Angular2Demo\src\app\app.component.spec.js.map
